<?xml version="1.0" encoding="UTF-8"?>
<!-- Generated by org.testng.reporters.JUnitReportReporter -->
<testsuite hostname="DESKTOP-5JJETEC" failures="0" tests="5" name="TestCases.CompleteCheckoutPageTest" time="74.649" errors="0" timestamp="2022-12-29T15:52:28 IST" skipped="3">
  <testcase classname="TestCases.CompleteCheckoutPageTest" name="verifyPonyImageTest" time="38.948"/>
  <system-out/>
  <testcase classname="TestCases.CompleteCheckoutPageTest" name="verifyUrlAfterClickOnBackHomeBtnTest" time="35.701"/>
  <system-out/>
  <testcase classname="TestCases.CompleteCheckoutPageTest" name="verifyCompleteCheckoutTextTest">
    <skipped/>
  </testcase> <!-- verifyCompleteCheckoutTextTest -->
  <system-out/>
  <testcase classname="TestCases.CompleteCheckoutPageTest" name="verifyCompleteCheckoutHeaderTest">
    <skipped/>
  </testcase> <!-- verifyCompleteCheckoutHeaderTest -->
  <system-out/>
  <testcase classname="TestCases.CompleteCheckoutPageTest" name="verifyCompleteCheckoutTitleTest">
    <skipped/>
  </testcase> <!-- verifyCompleteCheckoutTitleTest -->
  <system-out/>
</testsuite> <!-- TestCases.CompleteCheckoutPageTest -->
