<?xml version="1.0" encoding="UTF-8"?>
<!-- Generated by org.testng.reporters.JUnitReportReporter -->
<testsuite hostname="DESKTOP-5JJETEC" failures="0" tests="3" name="TestCases.GmailProgTest" time="46.919" errors="0" timestamp="2023-01-07T20:43:05 IST" skipped="2">
  <testcase classname="TestCases.GmailProgTest" name="createGmailAccount2" time="46.919"/>
  <system-out/>
  <testcase classname="TestCases.GmailProgTest" name="createGmailAccount3">
    <skipped/>
  </testcase> <!-- createGmailAccount3 -->
  <system-out/>
  <testcase classname="TestCases.GmailProgTest" name="createGmailAccount1">
    <skipped/>
  </testcase> <!-- createGmailAccount1 -->
  <system-out/>
</testsuite> <!-- TestCases.GmailProgTest -->
