<?xml version="1.0" encoding="UTF-8"?>
<!-- Generated by org.testng.reporters.JUnitReportReporter -->
<testsuite hostname="DESKTOP-5JJETEC" failures="0" tests="14" name="TestCases.InventoryPageTest" time="275.917" errors="0" timestamp="2022-12-30T12:50:08 IST" skipped="0">
  <testcase classname="TestCases.InventoryPageTest" name="shoppingCartBadgeTest" time="17.536"/>
  <system-out>
    <![CDATA[verified selected items Shopping Cart Badge :- 3]]>
  </system-out>
  <testcase classname="TestCases.InventoryPageTest" name="verifyItemUrlAfterclick" time="11.747"/>
  <system-out>
    <![CDATA[verified item url :- https://www.saucedemo.com/inventory-item.html?id=4]]>
  </system-out>
  <testcase classname="TestCases.InventoryPageTest" name="verifyFacebookLinkTest" time="15.429"/>
  <system-out>
    <![CDATA[Verified facebook link display]]>
  </system-out>
  <testcase classname="TestCases.InventoryPageTest" name="verifyAllPresentItemsTest" time="8.296"/>
  <system-out>
    <![CDATA[Verified all items :- [Sauce Labs Backpack, Sauce Labs Bike Light, Sauce Labs Bolt T-Shirt, Sauce Labs Fleece Jacket, Sauce Labs Onesie, Test.allTheThings() T-Shirt (Red)]]]>
  </system-out>
  <testcase classname="TestCases.InventoryPageTest" name="verifyFacebookUrlTest" time="56.372"/>
  <system-out>
    <![CDATA[Verified Url :- https://www.facebook.com/saucelabs]]>
  </system-out>
  <testcase classname="TestCases.InventoryPageTest" name="verifyMenuItemListTest" time="11.015"/>
  <system-out>
    <![CDATA[Verified menu item list :- [ALL ITEMS, ABOUT, LOGOUT, RESET APP STATE]]]>
  </system-out>
  <testcase classname="TestCases.InventoryPageTest" name="verifyRobotImageTest" time="15.150"/>
  <system-out>
    <![CDATA[Verified robot image display]]>
  </system-out>
  <testcase classname="TestCases.InventoryPageTest" name="verifyTwitterLinkTest" time="12.491"/>
  <system-out>
    <![CDATA[Verified twitter link display]]>
  </system-out>
  <testcase classname="TestCases.InventoryPageTest" name="verifyLinkedinUrlTest" time="20.067"/>
  <system-out>
    <![CDATA[Verified url :- https://www.linkedin.com/company/sauce-labs/?original_referer=]]>
  </system-out>
  <testcase classname="TestCases.InventoryPageTest" name="verifyLinkedinLinkTest" time="10.918"/>
  <system-out>
    <![CDATA[Verified linkedin link display]]>
  </system-out>
  <testcase classname="TestCases.InventoryPageTest" name="verifyTwitterUrlTest" time="67.533"/>
  <system-out>
    <![CDATA[verified Url :- https://twitter.com/saucelabs]]>
  </system-out>
  <testcase classname="TestCases.InventoryPageTest" name="verifyInventoryUrlTest" time="6.972"/>
  <system-out>
    <![CDATA[Verified inventory url :- https://www.saucedemo.com/inventory.html]]>
  </system-out>
  <testcase classname="TestCases.InventoryPageTest" name="verifyAppLogoTest" time="9.066"/>
  <system-out>
    <![CDATA[Verified app logo]]>
  </system-out>
  <testcase classname="TestCases.InventoryPageTest" name="verifyZToASortItemsTest" time="13.325"/>
  <system-out>
    <![CDATA[Verified all items after sorting (Z to A) :- [Test.allTheThings() T-Shirt (Red), Sauce Labs Onesie, Sauce Labs Fleece Jacket, Sauce Labs Bolt T-Shirt, Sauce Labs Bike Light, Sauce Labs Backpack]]]>
  </system-out>
</testsuite> <!-- TestCases.InventoryPageTest -->
