<?xml version="1.0" encoding="UTF-8"?>
<!-- Generated by org.testng.reporters.JUnitReportReporter -->
<testsuite hostname="DESKTOP-5JJETEC" failures="0" tests="6" name="TestCases.CartPageTest" time="185.599" errors="0" timestamp="2022-12-29T20:54:13 IST" skipped="0">
  <testcase classname="TestCases.CartPageTest" name="verifyCartNumber" time="31.145"/>
  <system-out>
    <![CDATA[Verified cart number after removing 1 item : 2]]>
  </system-out>
  <testcase classname="TestCases.CartPageTest" name="verifyAppLogoTest" time="32.984"/>
  <system-out>
    <![CDATA[Verified app logo display]]>
  </system-out>
  <testcase classname="TestCases.CartPageTest" name="verifyCartUrlTest" time="30.651"/>
  <system-out>
    <![CDATA[Verified cart page url: https://www.saucedemo.com/cart.html]]>
  </system-out>
  <testcase classname="TestCases.CartPageTest" name="verifyCartTitleTest" time="24.898"/>
  <system-out>
    <![CDATA[Verified cart title display]]>
  </system-out>
  <testcase classname="TestCases.CartPageTest" name="verifyMenuItemListTest" time="41.190"/>
  <system-out>
    <![CDATA[Verified menu item list: [ALL ITEMS, ABOUT, LOGOUT, RESET APP STATE]]]>
  </system-out>
  <testcase classname="TestCases.CartPageTest" name="verifyUrlAfterContinueShoppBtnClickedTest" time="24.731"/>
  <system-out>
    <![CDATA[Verified url :https://www.saucedemo.com/inventory.html]]>
  </system-out>
</testsuite> <!-- TestCases.CartPageTest -->
