<?xml version="1.0" encoding="UTF-8"?>
<!-- Generated by org.testng.reporters.JUnitReportReporter -->
<testsuite hostname="DESKTOP-5JJETEC" failures="0" tests="7" name="TestCases.CheckoutPageTest" time="25.915" errors="0" timestamp="2022-12-29T10:46:20 IST" skipped="6">
  <testcase classname="TestCases.CheckoutPageTest" name="verifyErrorMsgForPostalCode" time="25.915"/>
  <system-out/>
  <testcase classname="TestCases.CheckoutPageTest" name="verifyCkoutTitleTest">
    <skipped/>
  </testcase> <!-- verifyCkoutTitleTest -->
  <system-out/>
  <testcase classname="TestCases.CheckoutPageTest" name="verifyErrorMsgForLastName">
    <skipped/>
  </testcase> <!-- verifyErrorMsgForLastName -->
  <system-out/>
  <testcase classname="TestCases.CheckoutPageTest" name="verifyErrorMsgForFirstName">
    <skipped/>
  </testcase> <!-- verifyErrorMsgForFirstName -->
  <system-out/>
  <testcase classname="TestCases.CheckoutPageTest" name="verifyCheckoutPageUrlTest">
    <skipped/>
  </testcase> <!-- verifyCheckoutPageUrlTest -->
  <system-out/>
  <testcase classname="TestCases.CheckoutPageTest" name="verifyUrlAfterClickOnCancelBtn">
    <skipped/>
  </testcase> <!-- verifyUrlAfterClickOnCancelBtn -->
  <system-out/>
  <testcase classname="TestCases.CheckoutPageTest" name="verifyUrlAfterClickOnContinueBtn">
    <skipped/>
  </testcase> <!-- verifyUrlAfterClickOnContinueBtn -->
  <system-out/>
</testsuite> <!-- TestCases.CheckoutPageTest -->
