<?xml version="1.0" encoding="UTF-8"?>
<!-- Generated by org.testng.reporters.JUnitReportReporter -->
<testsuite hostname="DESKTOP-5JJETEC" failures="0" tests="10" name="TestCases.OverViewPageTest" time="46.174" errors="0" timestamp="2022-12-29T15:10:35 IST" skipped="9">
  <testcase classname="TestCases.OverViewPageTest" name="verifyUrlAftrClickOnFinishBtnTest" time="46.174"/>
  <system-out/>
  <testcase classname="TestCases.OverViewPageTest" name="verifycCheckoutTitleTest">
    <skipped/>
  </testcase> <!-- verifycCheckoutTitleTest -->
  <system-out/>
  <testcase classname="TestCases.OverViewPageTest" name="verifySummarySubtotalLabelTest">
    <skipped/>
  </testcase> <!-- verifySummarySubtotalLabelTest -->
  <system-out/>
  <testcase classname="TestCases.OverViewPageTest" name="verifyPaymentInfoTest">
    <skipped/>
  </testcase> <!-- verifyPaymentInfoTest -->
  <system-out/>
  <testcase classname="TestCases.OverViewPageTest" name="verifyCartItemsListTest">
    <skipped/>
  </testcase> <!-- verifyCartItemsListTest -->
  <system-out/>
  <testcase classname="TestCases.OverViewPageTest" name="verifyShipInfoTest">
    <skipped/>
  </testcase> <!-- verifyShipInfoTest -->
  <system-out/>
  <testcase classname="TestCases.OverViewPageTest" name="verifyTaxLabelTest">
    <skipped/>
  </testcase> <!-- verifyTaxLabelTest -->
  <system-out/>
  <testcase classname="TestCases.OverViewPageTest" name="verifyCheckoutUrlTest">
    <skipped/>
  </testcase> <!-- verifyCheckoutUrlTest -->
  <system-out/>
  <testcase classname="TestCases.OverViewPageTest" name="verifySummaryTotalLabelTest">
    <skipped/>
  </testcase> <!-- verifySummaryTotalLabelTest -->
  <system-out/>
  <testcase classname="TestCases.OverViewPageTest" name="verifyUrlAftrClickOnCancelBtnTest">
    <skipped/>
  </testcase> <!-- verifyUrlAftrClickOnCancelBtnTest -->
  <system-out/>
</testsuite> <!-- TestCases.OverViewPageTest -->
